<?xml version="1.0" encoding="UTF-8"?>
<!-- Generated by org.testng.reporters.JUnitXMLReporter -->
<testsuite ignored="0" hostname="Pramesh" failures="0" tests="1" name="Test_Scenario_1_firefox_windows10" time="1.895" errors="0" timestamp="2024-10-17T13:10:46 IST">
  <testcase classname="testcases.TestScenario1_LTAdvanced_Certification" name="@BeforeMethod setup" time="1.842">
    <failure type="java.lang.NullPointerException" message="Cannot invoke &amp;quot;org.openqa.selenium.WebDriver.manage()&amp;quot; because &amp;quot;this.driver&amp;quot; is null">
      <![CDATA[java.lang.NullPointerException: Cannot invoke "org.openqa.selenium.WebDriver.manage()" because "this.driver" is null
at base.BaseMainTest.initializeBrowser(BaseMainTest.java:131)
at testcases.TestScenario1_LTAdvanced_Certification.setup(TestScenario1_LTAdvanced_Certification.java:29)
at java.base/java.util.ArrayList.forEach(ArrayList.java:1597)
at java.base/java.util.concurrent.FutureTask.run(FutureTask.java:317)
at java.base/java.util.concurrent.ThreadPoolExecutor.runWorker(ThreadPoolExecutor.java:1144)
at java.base/java.util.concurrent.ThreadPoolExecutor$Worker.run(ThreadPoolExecutor.java:642)
at java.base/java.lang.Thread.run(Thread.java:1575)
... Removed 19 stack frames]]>
    </failure>
  </testcase> <!-- @BeforeMethod setup -->
  <testcase classname="testcases.TestScenario1_LTAdvanced_Certification" name="@AfterMethod teardown" time="0.0">
    <skipped/>
  </testcase> <!-- @AfterMethod teardown -->
  <testcase classname="testcases.TestScenario1_LTAdvanced_Certification" name="scenarioOne_SimpleFormDemo" time="0.0">
    <skipped/>
  </testcase> <!-- scenarioOne_SimpleFormDemo -->
</testsuite> <!-- Test_Scenario_1_firefox_windows10 -->
