<?xml version="1.0" encoding="UTF-8"?>
<testsuite xmlns:xsi="http://www.w3.org/2001/XMLSchema-instance" xsi:noNamespaceSchemaLocation="https://maven.apache.org/surefire/maven-surefire-plugin/xsd/surefire-test-report.xsd" version="3.0.2" name="TestSuite" time="40.164" tests="3" errors="0" skipped="0" failures="0">
  <properties>
[...]
</properties>
  <testcase name="scenarioOne_SimpleFormDemo" classname="testcases.TestScenario_LambdaTestAdvanced_Certification" time="27.489">
    <system-out><![CDATA[Test_Scenario_3_edge_windows11started in Listeners
Test_Scenario_1_chrome_windows11started in Listeners
Test_Scenario_2_firefox_windows10started in Listeners
https://www.lambdatest.com/integrations
url is matched
https://www.lambdatest.com/integrations
url is matched
https://www.lambdatest.com/integrations
url is matched
count of the words is 1
count of the words is 1
count of the words is 1
Test_Scenario_2_firefox_windows10successful in Listeners
]]></system-out>
    <system-err><![CDATA[SLF4J: Failed to load class "org.slf4j.impl.StaticLoggerBinder".
SLF4J: Defaulting to no-operation (NOP) logger implementation
SLF4J: See http://www.slf4j.org/codes.html#StaticLoggerBinder for further details.
Oct 17, 2024 11:26:31 AM org.openqa.selenium.devtools.CdpVersionFinder findNearestMatch
WARNING: Unable to find an exact match for CDP version 129, returning the closest version; found: 128; Please update to a Selenium version that supports CDP version 129
Oct 17, 2024 11:26:33 AM org.openqa.selenium.devtools.CdpVersionFinder findNearestMatch
WARNING: Unable to find an exact match for CDP version 129, returning the closest version; found: 128; Please update to a Selenium version that supports CDP version 129
]]></system-err>
  </testcase>
  <testcase name="scenarioOne_SimpleFormDemo" classname="testcases.TestScenario_LambdaTestAdvanced_Certification" time="28.988">
    <system-out><![CDATA[Test_Scenario_1_chrome_windows11successful in Listeners
]]></system-out>
  </testcase>
  <testcase name="scenarioOne_SimpleFormDemo" classname="testcases.TestScenario_LambdaTestAdvanced_Certification" time="31.795">
    <system-out><![CDATA[Test_Scenario_3_edge_windows11successful in Listeners
]]></system-out>
  </testcase>
</testsuite>