<?xml version="1.0" encoding="UTF-8"?>
<testng-results ignored="0" total="3" passed="3" failed="0" skipped="0">
  <reporter-output>
  </reporter-output>
  <suite started-at="2024-10-17T11:26:29 IST" name="Suite" finished-at="2024-10-17T11:27:09 IST" duration-ms="39421">
    <groups>
    </groups>
    <test started-at="2024-10-17T11:26:29 IST" name="Test_Scenario_1_chrome_windows11" finished-at="2024-10-17T11:27:05 IST" duration-ms="35510">
      <class name="testcases.TestScenario_LambdaTestAdvanced_Certification">
        <test-method is-config="true" signature="setup(java.lang.String)[pri:0, instance:testcases.TestScenario_LambdaTestAdvanced_Certification@15a34df2]" started-at="2024-10-17T11:26:29 IST" name="setup" finished-at="2024-10-17T11:26:35 IST" duration-ms="5377" status="PASS">
          <params>
            <param index="0">
              <value>
                <![CDATA[chrome]]>
              </value>
            </param>
          </params>
          <reporter-output>
          </reporter-output>
        </test-method> <!-- setup -->
        <test-method signature="scenarioOne_SimpleFormDemo()[pri:0, instance:testcases.TestScenario_LambdaTestAdvanced_Certification@15a34df2]" started-at="2024-10-17T11:26:35 IST" name="scenarioOne_SimpleFormDemo" finished-at="2024-10-17T11:27:05 IST" duration-ms="29759" status="PASS">
          <reporter-output>
          </reporter-output>
        </test-method> <!-- scenarioOne_SimpleFormDemo -->
        <test-method is-config="true" signature="teardown()[pri:0, instance:testcases.TestScenario_LambdaTestAdvanced_Certification@15a34df2]" started-at="2024-10-17T11:27:05 IST" name="teardown" finished-at="2024-10-17T11:27:05 IST" duration-ms="348" status="PASS">
          <reporter-output>
          </reporter-output>
        </test-method> <!-- teardown -->
      </class> <!-- testcases.TestScenario_LambdaTestAdvanced_Certification -->
    </test> <!-- Test_Scenario_1_chrome_windows11 -->
    <test started-at="2024-10-17T11:26:29 IST" name="Test_Scenario_2_firefox_windows10" finished-at="2024-10-17T11:27:06 IST" duration-ms="36087">
      <class name="testcases.TestScenario_LambdaTestAdvanced_Certification">
        <test-method is-config="true" signature="setup(java.lang.String)[pri:0, instance:testcases.TestScenario_LambdaTestAdvanced_Certification@12591ac8]" started-at="2024-10-17T11:26:29 IST" name="setup" finished-at="2024-10-17T11:26:36 IST" duration-ms="6163" status="PASS">
          <params>
            <param index="0">
              <value>
                <![CDATA[firefox]]>
              </value>
            </param>
          </params>
          <reporter-output>
          </reporter-output>
        </test-method> <!-- setup -->
        <test-method signature="scenarioOne_SimpleFormDemo()[pri:0, instance:testcases.TestScenario_LambdaTestAdvanced_Certification@12591ac8]" started-at="2024-10-17T11:26:36 IST" name="scenarioOne_SimpleFormDemo" finished-at="2024-10-17T11:27:03 IST" duration-ms="27481" status="PASS">
          <reporter-output>
          </reporter-output>
        </test-method> <!-- scenarioOne_SimpleFormDemo -->
        <test-method is-config="true" signature="teardown()[pri:0, instance:testcases.TestScenario_LambdaTestAdvanced_Certification@12591ac8]" started-at="2024-10-17T11:27:03 IST" name="teardown" finished-at="2024-10-17T11:27:06 IST" duration-ms="2416" status="PASS">
          <reporter-output>
          </reporter-output>
        </test-method> <!-- teardown -->
      </class> <!-- testcases.TestScenario_LambdaTestAdvanced_Certification -->
    </test> <!-- Test_Scenario_2_firefox_windows10 -->
    <test started-at="2024-10-17T11:26:29 IST" name="Test_Scenario_3_edge_windows11" finished-at="2024-10-17T11:27:09 IST" duration-ms="39421">
      <class name="testcases.TestScenario_LambdaTestAdvanced_Certification">
        <test-method is-config="true" signature="setup(java.lang.String)[pri:0, instance:testcases.TestScenario_LambdaTestAdvanced_Certification@41330d4f]" started-at="2024-10-17T11:26:29 IST" name="setup" finished-at="2024-10-17T11:26:34 IST" duration-ms="4134" status="PASS">
          <params>
            <param index="0">
              <value>
                <![CDATA[edge]]>
              </value>
            </param>
          </params>
          <reporter-output>
          </reporter-output>
        </test-method> <!-- setup -->
        <test-method signature="scenarioOne_SimpleFormDemo()[pri:0, instance:testcases.TestScenario_LambdaTestAdvanced_Certification@41330d4f]" started-at="2024-10-17T11:26:34 IST" name="scenarioOne_SimpleFormDemo" finished-at="2024-10-17T11:27:07 IST" duration-ms="33823" status="PASS">
          <reporter-output>
          </reporter-output>
        </test-method> <!-- scenarioOne_SimpleFormDemo -->
        <test-method is-config="true" signature="teardown()[pri:0, instance:testcases.TestScenario_LambdaTestAdvanced_Certification@41330d4f]" started-at="2024-10-17T11:27:07 IST" name="teardown" finished-at="2024-10-17T11:27:09 IST" duration-ms="1436" status="PASS">
          <reporter-output>
          </reporter-output>
        </test-method> <!-- teardown -->
      </class> <!-- testcases.TestScenario_LambdaTestAdvanced_Certification -->
    </test> <!-- Test_Scenario_3_edge_windows11 -->
  </suite> <!-- Suite -->
</testng-results>
